[07Jul2024 22:10:43.266] [main/INFO] [cpw.mods.modlauncher.Launcher/MODLAUNCHER]: ModLauncher running: args [--launchTarget, forgeclientuserdev, --version, MOD_DEV, --assetIndex, 5, --assetsDir, C:\Users\uri_l\.mcreator\gradle\caches\forge_gradle\assets, --gameDir, ., --fml.forgeVersion, 47.2.0, --fml.mcVersion, 1.20.1, --fml.forgeGroup, net.minecraftforge, --fml.mcpVersion, 20230612.114412, --mixin.config, mixins.kleiders_game_engine.json]
[07Jul2024 22:10:43.274] [main/INFO] [cpw.mods.modlauncher.Launcher/MODLAUNCHER]: ModLauncher 10.0.9+10.0.9+main.dcd20f30 starting: java version 17.0.9 by Eclipse Adoptium; OS Windows 11 arch amd64 version 10.0
[07Jul2024 22:10:43.536] [main/INFO] [net.minecraftforge.fml.loading.ImmediateWindowHandler/]: Loading ImmediateWindowProvider fmlearlywindow
[07Jul2024 22:10:43.603] [main/INFO] [EARLYDISPLAY/]: Trying GL version 4.6
[07Jul2024 22:10:43.764] [main/INFO] [EARLYDISPLAY/]: Requested GL version 4.6 got version 4.6
[07Jul2024 22:10:43.854] [main/INFO] [mixin/]: SpongePowered MIXIN Subsystem Version=0.8.5 Source=union:/C:/Users/uri_l/.mcreator/gradle/caches/modules-2/files-2.1/org.spongepowered/mixin/0.8.5/9d1c0c3a304ae6697ecd477218fa61b850bf57fc/mixin-0.8.5.jar%23128!/ Service=ModLauncher Env=CLIENT
[07Jul2024 22:10:43.888] [pool-2-thread-1/INFO] [EARLYDISPLAY/]: GL info: NVIDIA GeForce RTX 3080/PCIe/SSE2 GL version 4.6.0 NVIDIA 552.22, NVIDIA Corporation
[07Jul2024 22:10:44.195] [main/WARN] [net.minecraftforge.fml.loading.moddiscovery.ModFileParser/LOADING]: Mod file C:\Users\uri_l\.mcreator\gradle\caches\modules-2\files-2.1\net.minecraftforge\javafmllanguage\1.20.1-47.2.0\7f9181f85acc66547685a72020713fc8cbde98\javafmllanguage-1.20.1-47.2.0.jar is missing mods.toml file
[07Jul2024 22:10:44.197] [main/WARN] [net.minecraftforge.fml.loading.moddiscovery.ModFileParser/LOADING]: Mod file C:\Users\uri_l\.mcreator\gradle\caches\modules-2\files-2.1\net.minecraftforge\lowcodelanguage\1.20.1-47.2.0\7872f5205685fdd26fae39b1be79b0e60ca5b7bd\lowcodelanguage-1.20.1-47.2.0.jar is missing mods.toml file
[07Jul2024 22:10:44.199] [main/WARN] [net.minecraftforge.fml.loading.moddiscovery.ModFileParser/LOADING]: Mod file C:\Users\uri_l\.mcreator\gradle\caches\modules-2\files-2.1\net.minecraftforge\mclanguage\1.20.1-47.2.0\d501d161cabed08b3c139a2c6217b02a39f3c3e9\mclanguage-1.20.1-47.2.0.jar is missing mods.toml file
[07Jul2024 22:10:44.202] [main/WARN] [net.minecraftforge.fml.loading.moddiscovery.ModFileParser/LOADING]: Mod file C:\Users\uri_l\.mcreator\gradle\caches\modules-2\files-2.1\net.minecraftforge\fmlcore\1.20.1-47.2.0\ffd3c6debac0a388c9e33ac43c9f5eafb91cb466\fmlcore-1.20.1-47.2.0.jar is missing mods.toml file
[07Jul2024 22:10:44.289] [main/INFO] [net.minecraftforge.fml.loading.moddiscovery.JarInJarDependencyLocator/]: No dependencies to load found. Skipping!
[07Jul2024 22:10:45.698] [main/WARN] [mixin/]: Compatibility level JAVA_17 specified by mixins.kleiders_game_engine.json is higher than the maximum level supported by this version of mixin (JAVA_13).
[07Jul2024 22:10:45.699] [main/INFO] [mixin/]: Compatibility level set to JAVA_17
[07Jul2024 22:10:45.701] [main/INFO] [cpw.mods.modlauncher.LaunchServiceHandler/MODLAUNCHER]: Launching target 'forgeclientuserdev' with arguments [--version, MOD_DEV, --gameDir, ., --assetsDir, C:\Users\uri_l\.mcreator\gradle\caches\forge_gradle\assets, --assetIndex, 5]
[07Jul2024 22:10:45.790] [main/INFO] [mixin/]: Attempting to load Fernflower decompiler (Threaded mode)
[07Jul2024 22:10:45.793] [main/INFO] [mixin/]: Fernflower could not be loaded, exported classes will not be decompiled. NoClassDefFoundError: org/jetbrains/java/decompiler/main/extern/IResultSaver
[07Jul2024 22:10:45.802] [main/INFO] [mixin/]: Preparing mixins for MixinEnvironment[DEFAULT]
[07Jul2024 22:10:45.802] [main/INFO] [mixin/]: Selecting config mixins.kleiders_game_engine.json
[07Jul2024 22:10:45.807] [main/WARN] [mixin/]: Reference map 'mixins.kleiders_game_engine.refmap.json' for mixins.kleiders_game_engine.json could not be read. If this is a development environment you can ignore this message
[07Jul2024 22:10:45.809] [main/INFO] [mixin/]: Preparing mixins.kleiders_game_engine.json (0)
